TN:
SF:src/App.tsx
FN:20,(anonymous_10)
FN:24,(anonymous_11)
FN:26,(anonymous_12)
FNF:3
FNH:3
FNDA:72,(anonymous_10)
FNDA:15,(anonymous_11)
FNDA:15,(anonymous_12)
DA:1,2
DA:2,2
DA:3,2
DA:6,2
DA:7,2
DA:8,2
DA:9,2
DA:10,2
DA:11,2
DA:14,2
DA:15,2
DA:18,2
DA:20,2
DA:21,72
DA:22,72
DA:24,70
DA:26,15
DA:27,15
DA:29,15
DA:30,15
DA:31,15
DA:35,15
DA:38,15
DA:44,1
DA:45,1
DA:53,15
DA:56,70
DA:57,6
DA:70,64
DA:88,2
LF:30
LH:30
BRDA:29,0,0,15
BRDA:56,1,0,6
BRF:2
BRH:2
end_of_record
TN:
SF:src/__tests__/utils/test-utils.tsx
FN:6,(anonymous_5)
FN:11,(anonymous_6)
FN:15,(anonymous_7)
FN:20,(anonymous_8)
FN:29,(anonymous_9)
FN:39,(anonymous_10)
FN:48,(anonymous_11)
FNF:7
FNH:4
FNDA:48,(anonymous_5)
FNDA:7,(anonymous_6)
FNDA:47,(anonymous_7)
FNDA:7,(anonymous_8)
FNDA:0,(anonymous_9)
FNDA:0,(anonymous_10)
FNDA:0,(anonymous_11)
DA:1,5
DA:2,5
DA:3,5
DA:6,5
DA:7,48
DA:11,5
DA:12,7
DA:15,5
DA:18,47
DA:20,5
DA:23,7
DA:25,5
DA:26,5
DA:29,5
DA:39,5
DA:48,5
DA:59,5
LF:17
LH:17
BRDA:29,0,0,0
BRDA:39,1,0,0
BRDA:48,2,0,0
BRF:3
BRH:0
end_of_record
TN:
SF:src/components/Layout.tsx
FN:28,Layout
FN:34,(anonymous_10)
FN:47,(anonymous_11)
FN:58,(anonymous_12)
FN:76,(anonymous_13)
FN:156,Sidebar
FN:183,(anonymous_15)
FNF:7
FNH:5
FNDA:74,Layout
FNDA:72,(anonymous_10)
FNDA:0,(anonymous_11)
FNDA:0,(anonymous_12)
FNDA:1,(anonymous_13)
FNDA:73,Sidebar
FNDA:438,(anonymous_15)
DA:1,3
DA:2,3
DA:3,3
DA:4,3
DA:16,3
DA:17,3
DA:19,3
DA:28,3
DA:29,74
DA:30,72
DA:31,72
DA:32,72
DA:34,72
DA:36,72
DA:47,0
DA:58,0
DA:76,1
DA:157,73
DA:159,73
DA:184,438
DA:185,438
LF:21
LH:19
BRDA:40,0,0,72
BRDA:40,0,1,1
BRDA:88,1,0,72
BRDA:88,1,1,0
BRDA:95,2,0,0
BRDA:95,2,1,72
BRDA:99,3,0,0
BRDA:99,3,1,72
BRDA:111,4,0,6
BRDA:111,4,1,66
BRDA:115,5,0,6
BRDA:115,5,1,66
BRDA:122,6,0,72
BRDA:122,6,1,6
BRDA:168,7,0,73
BRDA:168,7,1,1
BRDA:190,8,0,73
BRDA:190,8,1,365
BRDA:198,9,0,73
BRDA:198,9,1,365
BRF:20
BRH:17
end_of_record
TN:
SF:src/components/LoadingScreen.tsx
FN:9,LoadingScreen
FN:53,(anonymous_2)
FN:86,(anonymous_3)
FNF:3
FNH:3
FNDA:11,LoadingScreen
FNDA:15,(anonymous_2)
FNDA:66,(anonymous_3)
DA:1,1
DA:2,1
DA:9,1
DA:13,11
DA:54,15
DA:87,66
LF:6
LH:6
BRDA:10,0,0,9
BRDA:35,1,0,6
BRDA:35,1,1,5
BRF:3
BRH:3
end_of_record
TN:
SF:src/components/NotificationCenter.tsx
FN:33,NotificationCenter
FN:37,(anonymous_2)
FN:41,(anonymous_3)
FN:48,(anonymous_4)
FN:63,(anonymous_5)
FN:80,(anonymous_6)
FN:98,(anonymous_7)
FNF:7
FNH:6
FNDA:15,NotificationCenter
FNDA:2,(anonymous_2)
FNDA:1,(anonymous_3)
FNDA:26,(anonymous_4)
FNDA:1,(anonymous_5)
FNDA:2,(anonymous_6)
FNDA:0,(anonymous_7)
DA:1,1
DA:2,1
DA:3,1
DA:10,1
DA:12,1
DA:19,1
DA:26,1
DA:33,1
DA:35,15
DA:37,15
DA:38,2
DA:41,15
DA:42,1
DA:45,15
DA:49,26
DA:50,26
DA:51,26
DA:53,26
DA:63,1
DA:81,2
DA:82,2
DA:98,0
LF:22
LH:21
BRDA:61,0,0,21
BRDA:61,0,1,5
BRDA:92,1,0,26
BRDA:92,1,1,21
BRDA:107,2,0,15
BRDA:107,2,1,1
BRF:6
BRH:6
end_of_record
TN:
SF:src/components/modals/CompleteNFTModals.tsx
FN:48,MintNFTModal
FN:77,(anonymous_1)
FN:78,(anonymous_2)
FN:85,(anonymous_3)
FN:90,(anonymous_4)
FN:92,(anonymous_5)
FN:99,(anonymous_6)
FN:100,(anonymous_7)
FN:102,(anonymous_8)
FN:107,(anonymous_9)
FN:113,(anonymous_10)
FN:122,(anonymous_11)
FN:132,(anonymous_12)
FN:137,(anonymous_13)
FN:143,(anonymous_14)
FN:144,(anonymous_15)
FN:163,(anonymous_16)
FN:166,(anonymous_17)
FN:173,(anonymous_18)
FN:178,(anonymous_19)
FN:222,(anonymous_20)
FN:233,(anonymous_21)
FN:234,(anonymous_22)
FN:244,(anonymous_23)
FN:254,(anonymous_24)
FN:259,(anonymous_25)
FN:269,(anonymous_26)
FN:270,(anonymous_27)
FN:320,(anonymous_28)
FN:321,(anonymous_29)
FN:332,(anonymous_30)
FN:376,(anonymous_31)
FN:443,(anonymous_32)
FN:444,(anonymous_33)
FN:471,(anonymous_34)
FN:472,(anonymous_35)
FN:511,(anonymous_36)
FN:512,(anonymous_37)
FN:540,(anonymous_38)
FN:541,(anonymous_39)
FN:573,(anonymous_40)
FN:574,(anonymous_41)
FN:585,(anonymous_42)
FN:586,(anonymous_43)
FN:635,(anonymous_44)
FN:642,(anonymous_45)
FN:658,(anonymous_46)
FN:667,(anonymous_47)
FN:717,CreateCollectionModal
FN:742,(anonymous_49)
FN:771,(anonymous_50)
FN:820,(anonymous_51)
FN:821,(anonymous_52)
FN:838,(anonymous_53)
FN:839,(anonymous_54)
FN:859,(anonymous_55)
FN:860,(anonymous_56)
FN:884,(anonymous_57)
FN:887,(anonymous_58)
FN:912,(anonymous_59)
FN:913,(anonymous_60)
FN:929,(anonymous_61)
FN:930,(anonymous_62)
FN:944,(anonymous_63)
FN:945,(anonymous_64)
FN:959,(anonymous_65)
FN:960,(anonymous_66)
FN:979,(anonymous_67)
FN:1013,ListNFTModal
FN:1028,(anonymous_69)
FN:1043,(anonymous_70)
FN:1102,(anonymous_71)
FN:1110,(anonymous_72)
FN:1128,(anonymous_73)
FNF:74
FNH:0
FNDA:0,MintNFTModal
FNDA:0,(anonymous_1)
FNDA:0,(anonymous_2)
FNDA:0,(anonymous_3)
FNDA:0,(anonymous_4)
FNDA:0,(anonymous_5)
FNDA:0,(anonymous_6)
FNDA:0,(anonymous_7)
FNDA:0,(anonymous_8)
FNDA:0,(anonymous_9)
FNDA:0,(anonymous_10)
FNDA:0,(anonymous_11)
FNDA:0,(anonymous_12)
FNDA:0,(anonymous_13)
FNDA:0,(anonymous_14)
FNDA:0,(anonymous_15)
FNDA:0,(anonymous_16)
FNDA:0,(anonymous_17)
FNDA:0,(anonymous_18)
FNDA:0,(anonymous_19)
FNDA:0,(anonymous_20)
FNDA:0,(anonymous_21)
FNDA:0,(anonymous_22)
FNDA:0,(anonymous_23)
FNDA:0,(anonymous_24)
FNDA:0,(anonymous_25)
FNDA:0,(anonymous_26)
FNDA:0,(anonymous_27)
FNDA:0,(anonymous_28)
FNDA:0,(anonymous_29)
FNDA:0,(anonymous_30)
FNDA:0,(anonymous_31)
FNDA:0,(anonymous_32)
FNDA:0,(anonymous_33)
FNDA:0,(anonymous_34)
FNDA:0,(anonymous_35)
FNDA:0,(anonymous_36)
FNDA:0,(anonymous_37)
FNDA:0,(anonymous_38)
FNDA:0,(anonymous_39)
FNDA:0,(anonymous_40)
FNDA:0,(anonymous_41)
FNDA:0,(anonymous_42)
FNDA:0,(anonymous_43)
FNDA:0,(anonymous_44)
FNDA:0,(anonymous_45)
FNDA:0,(anonymous_46)
FNDA:0,(anonymous_47)
FNDA:0,CreateCollectionModal
FNDA:0,(anonymous_49)
FNDA:0,(anonymous_50)
FNDA:0,(anonymous_51)
FNDA:0,(anonymous_52)
FNDA:0,(anonymous_53)
FNDA:0,(anonymous_54)
FNDA:0,(anonymous_55)
FNDA:0,(anonymous_56)
FNDA:0,(anonymous_57)
FNDA:0,(anonymous_58)
FNDA:0,(anonymous_59)
FNDA:0,(anonymous_60)
FNDA:0,(anonymous_61)
FNDA:0,(anonymous_62)
FNDA:0,(anonymous_63)
FNDA:0,(anonymous_64)
FNDA:0,(anonymous_65)
FNDA:0,(anonymous_66)
FNDA:0,(anonymous_67)
FNDA:0,ListNFTModal
FNDA:0,(anonymous_69)
FNDA:0,(anonymous_70)
FNDA:0,(anonymous_71)
FNDA:0,(anonymous_72)
FNDA:0,(anonymous_73)
DA:59,0
DA:70,0
DA:71,0
DA:72,0
DA:73,0
DA:74,0
DA:77,0
DA:78,0
DA:85,0
DA:90,0
DA:93,0
DA:99,0
DA:100,0
DA:102,0
DA:107,0
DA:108,0
DA:111,0
DA:112,0
DA:113,0
DA:117,0
DA:121,0
DA:122,0
DA:126,0
DA:129,0
DA:130,0
DA:131,0
DA:132,0
DA:134,0
DA:136,0
DA:137,0
DA:138,0
DA:140,0
DA:143,0
DA:144,0
DA:145,0
DA:146,0
DA:147,0
DA:149,0
DA:154,0
DA:155,0
DA:161,0
DA:162,0
DA:163,0
DA:165,0
DA:166,0
DA:170,0
DA:172,0
DA:173,0
DA:178,0
DA:179,0
DA:182,0
DA:183,0
DA:184,0
DA:185,0
DA:188,0
DA:189,0
DA:190,0
DA:191,0
DA:194,0
DA:195,0
DA:198,0
DA:199,0
DA:203,0
DA:204,0
DA:207,0
DA:208,0
DA:212,0
DA:216,0
DA:221,0
DA:223,0
DA:226,0
DA:227,0
DA:232,0
DA:233,0
DA:234,0
DA:235,0
DA:236,0
DA:239,0
DA:240,0
DA:244,0
DA:245,0
DA:246,0
DA:247,0
DA:249,0
DA:254,0
DA:255,0
DA:259,0
DA:260,0
DA:262,0
DA:264,0
DA:269,0
DA:270,0
DA:279,0
DA:282,0
DA:321,0
DA:333,0
DA:377,0
DA:444,0
DA:472,0
DA:512,0
DA:541,0
DA:574,0
DA:586,0
DA:636,0
DA:643,0
DA:659,0
DA:667,0
DA:724,0
DA:738,0
DA:739,0
DA:740,0
DA:742,0
DA:743,0
DA:745,0
DA:746,0
DA:747,0
DA:748,0
DA:751,0
DA:752,0
DA:753,0
DA:754,0
DA:757,0
DA:758,0
DA:759,0
DA:760,0
DA:763,0
DA:764,0
DA:767,0
DA:768,0
DA:771,0
DA:772,0
DA:773,0
DA:774,0
DA:776,0
DA:779,0
DA:780,0
DA:781,0
DA:782,0
DA:784,0
DA:786,0
DA:790,0
DA:821,0
DA:839,0
DA:860,0
DA:885,0
DA:887,0
DA:913,0
DA:930,0
DA:945,0
DA:960,0
DA:979,0
DA:1022,0
DA:1023,0
DA:1024,0
DA:1025,0
DA:1026,0
DA:1028,0
DA:1029,0
DA:1031,0
DA:1032,0
DA:1035,0
DA:1036,0
DA:1039,0
DA:1040,0
DA:1043,0
DA:1044,0
DA:1046,0
DA:1048,0
DA:1049,0
DA:1050,0
DA:1052,0
DA:1056,0
DA:1102,0
DA:1110,0
DA:1128,0
LF:175
LH:0
BRDA:63,0,0,0
BRDA:63,0,1,0
BRDA:93,1,0,0
BRDA:93,1,1,0
BRDA:108,2,0,0
BRDA:112,3,0,0
BRDA:121,4,0,0
BRDA:145,5,0,0
BRDA:182,6,0,0
BRDA:182,6,1,0
BRDA:184,7,0,0
BRDA:188,8,0,0
BRDA:188,8,1,0
BRDA:190,9,0,0
BRDA:194,10,0,0
BRDA:198,11,0,0
BRDA:203,12,0,0
BRDA:203,13,0,0
BRDA:203,13,1,0
BRDA:207,14,0,0
BRDA:207,15,0,0
BRDA:207,15,1,0
BRDA:212,16,0,0
BRDA:213,17,0,0
BRDA:213,17,1,0
BRDA:223,18,0,0
BRDA:223,18,1,0
BRDA:223,18,2,0
BRDA:223,18,3,0
BRDA:226,19,0,0
BRDA:235,20,0,0
BRDA:262,21,0,0
BRDA:269,22,0,0
BRDA:269,22,1,0
BRDA:274,23,0,0
BRDA:274,23,1,0
BRDA:275,24,0,0
BRDA:275,24,1,0
BRDA:276,25,0,0
BRDA:276,25,1,0
BRDA:327,26,0,0
BRDA:327,26,1,0
BRDA:334,27,0,0
BRDA:334,27,1,0
BRDA:338,28,0,0
BRDA:338,28,1,0
BRDA:356,29,0,0
BRDA:356,29,1,0
BRDA:377,30,0,0
BRDA:377,30,1,0
BRDA:381,31,0,0
BRDA:381,31,1,0
BRDA:387,32,0,0
BRDA:387,32,1,0
BRDA:405,33,0,0
BRDA:405,33,1,0
BRDA:415,34,0,0
BRDA:415,34,1,0
BRDA:423,35,0,0
BRDA:423,35,1,0
BRDA:447,36,0,0
BRDA:447,36,1,0
BRDA:453,37,0,0
BRDA:453,37,1,0
BRDA:479,38,0,0
BRDA:479,38,1,0
BRDA:485,39,0,0
BRDA:485,39,1,0
BRDA:518,40,0,0
BRDA:518,40,1,0
BRDA:525,41,0,0
BRDA:525,41,1,0
BRDA:547,42,0,0
BRDA:547,42,1,0
BRDA:557,43,0,0
BRDA:557,43,1,0
BRDA:572,44,0,0
BRDA:572,44,1,0
BRDA:592,45,0,0
BRDA:592,45,1,0
BRDA:600,46,0,0
BRDA:600,46,1,0
BRDA:626,47,0,0
BRDA:626,47,1,0
BRDA:678,48,0,0
BRDA:678,48,1,0
BRDA:692,49,0,0
BRDA:692,49,1,0
BRDA:695,50,0,0
BRDA:695,50,1,0
BRDA:698,51,0,0
BRDA:698,51,1,0
BRDA:745,52,0,0
BRDA:745,52,1,0
BRDA:747,53,0,0
BRDA:751,54,0,0
BRDA:751,54,1,0
BRDA:753,55,0,0
BRDA:757,56,0,0
BRDA:757,56,1,0
BRDA:759,57,0,0
BRDA:763,58,0,0
BRDA:772,59,0,0
BRDA:773,60,0,0
BRDA:801,61,0,0
BRDA:801,61,1,0
BRDA:811,62,0,0
BRDA:811,62,1,0
BRDA:826,63,0,0
BRDA:826,63,1,0
BRDA:848,64,0,0
BRDA:848,64,1,0
BRDA:870,65,0,0
BRDA:870,65,1,0
BRDA:885,66,0,0
BRDA:895,67,0,0
BRDA:895,67,1,0
BRDA:969,68,0,0
BRDA:969,68,1,0
BRDA:977,69,0,0
BRDA:977,69,1,0
BRDA:998,70,0,0
BRDA:998,70,1,0
BRDA:1000,71,0,0
BRDA:1000,71,1,0
BRDA:1031,72,0,0
BRDA:1031,73,0,0
BRDA:1031,73,1,0
BRDA:1035,74,0,0
BRDA:1046,75,0,0
BRDA:1104,76,0,0
BRDA:1104,76,1,0
BRDA:1117,77,0,0
BRDA:1117,77,1,0
BRDA:1150,78,0,0
BRDA:1150,78,1,0
BRDA:1156,79,0,0
BRDA:1156,79,1,0
BRDA:1177,80,0,0
BRDA:1177,80,1,0
BRF:140
BRH:0
end_of_record
TN:
SF:src/pages/Analytics.tsx
FN:3,Analytics
FNF:1
FNH:0
FNDA:0,Analytics
DA:1,2
DA:3,2
DA:4,0
LF:3
LH:2
BRF:0
BRH:0
end_of_record
TN:
SF:src/pages/Dashboard.tsx
FN:71,Dashboard
FN:82,(anonymous_10)
FN:95,(anonymous_11)
FN:102,(anonymous_12)
FN:185,(anonymous_13)
FN:360,(anonymous_14)
FN:369,(anonymous_15)
FN:401,(anonymous_16)
FNF:8
FNH:7
FNDA:30,Dashboard
FNDA:9,(anonymous_10)
FNDA:2,(anonymous_11)
FNDA:6,(anonymous_12)
FNDA:0,(anonymous_13)
FNDA:6,(anonymous_14)
FNDA:6,(anonymous_15)
FNDA:6,(anonymous_16)
DA:1,2
DA:2,2
DA:3,2
DA:12,2
DA:24,2
DA:27,2
DA:36,2
DA:42,2
DA:71,2
DA:72,30
DA:73,30
DA:74,30
DA:82,30
DA:84,9
DA:85,1
DA:95,30
DA:96,2
DA:102,30
DA:103,6
DA:109,30
DA:110,28
DA:134,2
DA:185,0
DA:361,6
DA:370,6
DA:402,6
LF:26
LH:25
BRDA:84,0,0,1
BRDA:109,1,0,28
BRDA:150,2,0,0
BRDA:150,2,1,2
BRDA:180,3,0,2
BRDA:180,3,1,0
BRDA:188,4,0,2
BRDA:188,4,1,0
BRDA:203,5,0,2
BRDA:203,5,1,0
BRDA:206,6,0,2
BRDA:206,6,1,0
BRDA:236,7,0,2
BRDA:236,7,1,0
BRDA:263,8,0,2
BRDA:263,8,1,0
BRDA:407,9,0,2
BRDA:407,9,1,4
BRDA:409,10,0,2
BRDA:409,10,1,2
BRDA:416,11,0,2
BRDA:416,11,1,4
BRDA:418,12,0,2
BRDA:418,12,1,2
BRDA:423,13,0,2
BRDA:423,13,1,4
BRDA:425,14,0,2
BRDA:425,14,1,2
BRDA:432,15,0,6
BRDA:432,15,1,2
BRDA:433,16,0,6
BRDA:433,16,1,2
BRDA:435,17,0,6
BRDA:435,17,1,2
BRDA:445,18,0,4
BRDA:445,18,1,2
BRF:36
BRH:29
end_of_record
TN:
SF:src/pages/DeFi.tsx
FN:34,DeFi
FN:50,(anonymous_1)
FN:63,(anonymous_2)
FN:68,(anonymous_3)
FN:74,(anonymous_4)
FN:104,(anonymous_5)
FN:136,(anonymous_6)
FN:171,(anonymous_7)
FN:180,(anonymous_8)
FN:246,(anonymous_9)
FN:249,(anonymous_10)
FN:285,(anonymous_11)
FN:287,(anonymous_12)
FN:293,(anonymous_13)
FN:302,(anonymous_14)
FN:317,(anonymous_15)
FN:338,(anonymous_16)
FN:340,(anonymous_17)
FN:346,(anonymous_18)
FN:378,(anonymous_19)
FN:457,(anonymous_20)
FN:471,(anonymous_21)
FNF:22
FNH:0
FNDA:0,DeFi
FNDA:0,(anonymous_1)
FNDA:0,(anonymous_2)
FNDA:0,(anonymous_3)
FNDA:0,(anonymous_4)
FNDA:0,(anonymous_5)
FNDA:0,(anonymous_6)
FNDA:0,(anonymous_7)
FNDA:0,(anonymous_8)
FNDA:0,(anonymous_9)
FNDA:0,(anonymous_10)
FNDA:0,(anonymous_11)
FNDA:0,(anonymous_12)
FNDA:0,(anonymous_13)
FNDA:0,(anonymous_14)
FNDA:0,(anonymous_15)
FNDA:0,(anonymous_16)
FNDA:0,(anonymous_17)
FNDA:0,(anonymous_18)
FNDA:0,(anonymous_19)
FNDA:0,(anonymous_20)
FNDA:0,(anonymous_21)
DA:35,0
DA:36,0
DA:39,0
DA:40,0
DA:41,0
DA:44,0
DA:45,0
DA:46,0
DA:47,0
DA:48,0
DA:50,0
DA:51,0
DA:54,0
DA:55,0
DA:60,0
DA:63,0
DA:64,0
DA:65,0
DA:68,0
DA:69,0
DA:70,0
DA:74,0
DA:76,0
DA:104,0
DA:105,0
DA:106,0
DA:130,0
DA:132,0
DA:136,0
DA:137,0
DA:139,0
DA:140,0
DA:141,0
DA:151,0
DA:158,0
DA:159,0
DA:161,0
DA:167,0
DA:171,0
DA:176,0
DA:178,0
DA:179,0
DA:180,0
DA:181,0
DA:183,0
DA:193,0
DA:199,0
DA:205,0
DA:209,0
DA:210,0
DA:225,0
DA:247,0
DA:249,0
DA:286,0
DA:287,0
DA:294,0
DA:302,0
DA:318,0
DA:319,0
DA:320,0
DA:321,0
DA:322,0
DA:339,0
DA:340,0
DA:347,0
DA:378,0
DA:458,0
DA:471,0
LF:68
LH:0
BRDA:51,0,0,0
BRDA:51,1,0,0
BRDA:51,1,1,0
BRDA:51,1,2,0
BRDA:69,2,0,0
BRDA:69,3,0,0
BRDA:69,3,1,0
BRDA:69,3,2,0
BRDA:137,4,0,0
BRDA:137,5,0,0
BRDA:137,5,1,0
BRDA:137,5,2,0
BRDA:137,5,3,0
BRDA:176,6,0,0
BRDA:181,7,0,0
BRDA:209,8,0,0
BRDA:251,9,0,0
BRDA:251,9,1,0
BRDA:264,10,0,0
BRDA:264,10,1,0
BRDA:284,11,0,0
BRDA:284,11,1,0
BRDA:287,12,0,0
BRDA:287,12,1,0
BRDA:307,13,0,0
BRDA:307,13,1,0
BRDA:337,14,0,0
BRDA:337,14,1,0
BRDA:340,15,0,0
BRDA:340,15,1,0
BRDA:360,16,0,0
BRDA:360,16,1,0
BRDA:386,17,0,0
BRDA:386,17,1,0
BRDA:386,17,2,0
BRDA:386,17,3,0
BRDA:389,18,0,0
BRDA:389,18,1,0
BRDA:407,19,0,0
BRDA:407,19,1,0
BRDA:407,19,2,0
BRDA:407,19,3,0
BRDA:407,19,4,0
BRDA:444,20,0,0
BRDA:444,20,1,0
BRDA:509,21,0,0
BRDA:509,21,1,0
BRF:47
BRH:0
end_of_record
TN:
SF:src/pages/NFT.tsx
FN:73,NFTPage
FN:90,(anonymous_10)
FN:113,(anonymous_11)
FN:122,(anonymous_12)
FN:135,(anonymous_13)
FN:148,(anonymous_14)
FN:158,(anonymous_15)
FN:168,(anonymous_16)
FN:179,(anonymous_17)
FN:209,(anonymous_18)
FN:241,(anonymous_19)
FN:250,(anonymous_20)
FN:266,(anonymous_21)
FN:315,(anonymous_22)
FN:322,(anonymous_23)
FN:337,(anonymous_24)
FN:347,(anonymous_25)
FN:396,(anonymous_26)
FN:404,(anonymous_27)
FN:417,(anonymous_28)
FN:431,(anonymous_29)
FN:441,(anonymous_30)
FN:481,(anonymous_31)
FN:487,(anonymous_32)
FN:488,(anonymous_33)
FN:502,(anonymous_34)
FN:510,(anonymous_35)
FN:511,(anonymous_36)
FN:522,NFTCard
FN:654,(anonymous_38)
FN:669,(anonymous_39)
FN:678,MintNFTModal
FN:692,(anonymous_41)
FN:693,(anonymous_42)
FN:699,(anonymous_43)
FN:704,(anonymous_44)
FN:706,(anonymous_45)
FN:712,(anonymous_46)
FN:713,(anonymous_47)
FN:715,(anonymous_48)
FN:719,(anonymous_49)
FN:724,(anonymous_50)
FN:733,(anonymous_51)
FN:738,(anonymous_52)
FN:743,(anonymous_53)
FN:755,(anonymous_54)
FN:757,(anonymous_55)
FN:763,(anonymous_56)
FN:784,(anonymous_57)
FN:795,(anonymous_58)
FN:805,(anonymous_59)
FN:845,(anonymous_60)
FN:846,(anonymous_61)
FN:856,(anonymous_62)
FN:878,(anonymous_63)
FN:916,(anonymous_64)
FN:917,(anonymous_65)
FN:936,(anonymous_66)
FN:937,(anonymous_67)
FN:963,(anonymous_68)
FN:964,(anonymous_69)
FN:982,(anonymous_70)
FN:983,(anonymous_71)
FN:1008,(anonymous_72)
FN:1014,(anonymous_73)
FN:1023,(anonymous_74)
FN:1030,(anonymous_75)
FN:1070,CreateCollectionModal
FN:1102,ListNFTModal
FN:1122,(anonymous_78)
FN:1133,(anonymous_79)
FN:1143,(anonymous_80)
FNF:72
FNH:0
FNDA:0,NFTPage
FNDA:0,(anonymous_10)
FNDA:0,(anonymous_11)
FNDA:0,(anonymous_12)
FNDA:0,(anonymous_13)
FNDA:0,(anonymous_14)
FNDA:0,(anonymous_15)
FNDA:0,(anonymous_16)
FNDA:0,(anonymous_17)
FNDA:0,(anonymous_18)
FNDA:0,(anonymous_19)
FNDA:0,(anonymous_20)
FNDA:0,(anonymous_21)
FNDA:0,(anonymous_22)
FNDA:0,(anonymous_23)
FNDA:0,(anonymous_24)
FNDA:0,(anonymous_25)
FNDA:0,(anonymous_26)
FNDA:0,(anonymous_27)
FNDA:0,(anonymous_28)
FNDA:0,(anonymous_29)
FNDA:0,(anonymous_30)
FNDA:0,(anonymous_31)
FNDA:0,(anonymous_32)
FNDA:0,(anonymous_33)
FNDA:0,(anonymous_34)
FNDA:0,(anonymous_35)
FNDA:0,(anonymous_36)
FNDA:0,NFTCard
FNDA:0,(anonymous_38)
FNDA:0,(anonymous_39)
FNDA:0,MintNFTModal
FNDA:0,(anonymous_41)
FNDA:0,(anonymous_42)
FNDA:0,(anonymous_43)
FNDA:0,(anonymous_44)
FNDA:0,(anonymous_45)
FNDA:0,(anonymous_46)
FNDA:0,(anonymous_47)
FNDA:0,(anonymous_48)
FNDA:0,(anonymous_49)
FNDA:0,(anonymous_50)
FNDA:0,(anonymous_51)
FNDA:0,(anonymous_52)
FNDA:0,(anonymous_53)
FNDA:0,(anonymous_54)
FNDA:0,(anonymous_55)
FNDA:0,(anonymous_56)
FNDA:0,(anonymous_57)
FNDA:0,(anonymous_58)
FNDA:0,(anonymous_59)
FNDA:0,(anonymous_60)
FNDA:0,(anonymous_61)
FNDA:0,(anonymous_62)
FNDA:0,(anonymous_63)
FNDA:0,(anonymous_64)
FNDA:0,(anonymous_65)
FNDA:0,(anonymous_66)
FNDA:0,(anonymous_67)
FNDA:0,(anonymous_68)
FNDA:0,(anonymous_69)
FNDA:0,(anonymous_70)
FNDA:0,(anonymous_71)
FNDA:0,(anonymous_72)
FNDA:0,(anonymous_73)
FNDA:0,(anonymous_74)
FNDA:0,(anonymous_75)
FNDA:0,CreateCollectionModal
FNDA:0,ListNFTModal
FNDA:0,(anonymous_78)
FNDA:0,(anonymous_79)
FNDA:0,(anonymous_80)
DA:1,2
DA:2,2
DA:3,2
DA:17,2
DA:18,2
DA:19,2
DA:73,2
DA:74,0
DA:75,0
DA:76,0
DA:77,0
DA:78,0
DA:79,0
DA:80,0
DA:81,0
DA:82,0
DA:85,0
DA:86,0
DA:88,0
DA:90,0
DA:91,0
DA:93,0
DA:94,0
DA:95,0
DA:100,0
DA:102,0
DA:103,0
DA:109,0
DA:113,0
DA:114,0
DA:115,0
DA:116,0
DA:118,0
DA:122,0
DA:123,0
DA:125,0
DA:126,0
DA:129,0
DA:131,0
DA:135,0
DA:136,0
DA:137,0
DA:138,0
DA:148,0
DA:149,0
DA:151,0
DA:152,0
DA:153,0
DA:154,0
DA:158,0
DA:159,0
DA:160,0
DA:161,0
DA:164,0
DA:168,0
DA:171,0
DA:179,0
DA:180,0
DA:182,0
DA:183,0
DA:184,0
DA:190,0
DA:196,0
DA:197,0
DA:199,0
DA:205,0
DA:209,0
DA:214,0
DA:216,0
DA:217,0
DA:224,0
DA:230,0
DA:232,0
DA:240,0
DA:242,0
DA:243,0
DA:248,0
DA:251,0
DA:253,0
DA:255,0
DA:257,0
DA:259,0
DA:262,0
DA:266,0
DA:267,0
DA:268,0
DA:272,0
DA:273,0
DA:277,0
DA:279,0
DA:282,0
DA:285,0
DA:286,0
DA:301,0
DA:315,0
DA:322,0
DA:338,0
DA:348,0
DA:396,0
DA:404,0
DA:417,0
DA:431,0
DA:441,0
DA:482,0
DA:487,0
DA:489,0
DA:502,0
DA:510,0
DA:512,0
DA:513,0
DA:537,0
DA:539,0
DA:540,0
DA:593,0
DA:654,0
DA:669,0
DA:679,0
DA:688,0
DA:689,0
DA:690,0
DA:692,0
DA:693,0
DA:699,0
DA:704,0
DA:707,0
DA:712,0
DA:713,0
DA:715,0
DA:719,0
DA:720,0
DA:723,0
DA:724,0
DA:728,0
DA:732,0
DA:733,0
DA:734,0
DA:737,0
DA:738,0
DA:740,0
DA:742,0
DA:743,0
DA:744,0
DA:746,0
DA:749,0
DA:755,0
DA:757,0
DA:759,0
DA:763,0
DA:764,0
DA:766,0
DA:767,0
DA:770,0
DA:771,0
DA:774,0
DA:775,0
DA:778,0
DA:779,0
DA:783,0
DA:784,0
DA:786,0
DA:787,0
DA:791,0
DA:792,0
DA:795,0
DA:796,0
DA:798,0
DA:800,0
DA:805,0
DA:811,0
DA:814,0
DA:846,0
DA:857,0
DA:879,0
DA:917,0
DA:937,0
DA:964,0
DA:983,0
DA:1009,0
DA:1015,0
DA:1024,0
DA:1030,0
DA:1071,0
DA:1103,0
DA:1104,0
DA:1106,0
DA:1122,0
DA:1133,0
DA:1143,0
LF:188
LH:7
BRDA:91,0,0,0
BRDA:123,1,0,0
BRDA:149,2,0,0
BRDA:153,3,0,0
BRDA:153,3,1,0
BRDA:180,4,0,0
BRDA:214,5,0,0
BRDA:242,6,0,0
BRDA:244,7,0,0
BRDA:244,7,1,0
BRDA:251,8,0,0
BRDA:251,8,1,0
BRDA:251,8,2,0
BRDA:251,8,3,0
BRDA:251,8,4,0
BRDA:251,8,5,0
BRDA:253,9,0,0
BRDA:253,9,1,0
BRDA:253,10,0,0
BRDA:253,10,1,0
BRDA:255,11,0,0
BRDA:255,11,1,0
BRDA:255,12,0,0
BRDA:255,12,1,0
BRDA:257,13,0,0
BRDA:257,13,1,0
BRDA:257,14,0,0
BRDA:257,14,1,0
BRDA:267,15,0,0
BRDA:268,16,0,0
BRDA:268,16,1,0
BRDA:269,17,0,0
BRDA:269,17,1,0
BRDA:273,18,0,0
BRDA:273,18,1,0
BRDA:274,19,0,0
BRDA:274,19,1,0
BRDA:285,20,0,0
BRDA:343,21,0,0
BRDA:343,21,1,0
BRDA:349,22,0,0
BRDA:349,22,1,0
BRDA:362,23,0,0
BRDA:362,23,1,0
BRDA:372,24,0,0
BRDA:372,24,1,0
BRDA:433,25,0,0
BRDA:433,25,1,0
BRDA:443,26,0,0
BRDA:443,26,1,0
BRDA:456,27,0,0
BRDA:456,27,1,0
BRDA:461,28,0,0
BRDA:461,28,1,0
BRDA:468,29,0,0
BRDA:468,29,1,0
BRDA:476,30,0,0
BRDA:476,30,1,0
BRDA:499,31,0,0
BRDA:499,31,1,0
BRDA:508,32,0,0
BRDA:508,32,1,0
BRDA:539,33,0,0
BRDA:555,34,0,0
BRDA:555,34,1,0
BRDA:560,35,0,0
BRDA:560,35,1,0
BRDA:565,36,0,0
BRDA:565,36,1,0
BRDA:576,37,0,0
BRDA:576,37,1,0
BRDA:610,38,0,0
BRDA:610,38,1,0
BRDA:622,39,0,0
BRDA:622,39,1,0
BRDA:639,40,0,0
BRDA:639,40,1,0
BRDA:666,41,0,0
BRDA:666,41,1,0
BRDA:683,42,0,0
BRDA:683,42,1,0
BRDA:707,43,0,0
BRDA:707,43,1,0
BRDA:720,44,0,0
BRDA:723,45,0,0
BRDA:732,46,0,0
BRDA:766,47,0,0
BRDA:770,48,0,0
BRDA:774,49,0,0
BRDA:778,50,0,0
BRDA:784,51,0,0
BRDA:784,51,1,0
BRDA:786,52,0,0
BRDA:798,53,0,0
BRDA:805,54,0,0
BRDA:805,54,1,0
BRDA:807,55,0,0
BRDA:807,55,1,0
BRDA:808,56,0,0
BRDA:808,56,1,0
BRDA:852,57,0,0
BRDA:852,57,1,0
BRDA:862,58,0,0
BRDA:862,58,1,0
BRDA:879,59,0,0
BRDA:879,59,1,0
BRDA:886,60,0,0
BRDA:886,60,1,0
BRDA:894,61,0,0
BRDA:894,61,1,0
BRDA:903,62,0,0
BRDA:903,62,1,0
BRDA:920,63,0,0
BRDA:920,63,1,0
BRDA:924,64,0,0
BRDA:924,64,1,0
BRDA:944,65,0,0
BRDA:944,65,1,0
BRDA:948,66,0,0
BRDA:948,66,1,0
BRDA:1038,67,0,0
BRDA:1038,67,1,0
BRDA:1050,68,0,0
BRDA:1050,68,1,0
BRDA:1053,69,0,0
BRDA:1053,69,1,0
BRF:126
BRH:0
end_of_record
TN:
SF:src/pages/Settings.tsx
FN:34,Settings
FN:59,(anonymous_10)
FN:63,(anonymous_11)
FN:74,(anonymous_12)
FN:95,(anonymous_13)
FN:123,(anonymous_14)
FN:124,(anonymous_15)
FN:171,(anonymous_16)
FN:174,(anonymous_17)
FN:218,(anonymous_18)
FN:233,(anonymous_19)
FN:254,(anonymous_20)
FN:289,(anonymous_21)
FN:308,(anonymous_22)
FN:324,(anonymous_23)
FN:363,(anonymous_24)
FN:385,(anonymous_25)
FN:404,(anonymous_26)
FN:428,(anonymous_27)
FN:461,(anonymous_28)
FN:514,(anonymous_29)
FN:527,(anonymous_30)
FN:557,(anonymous_31)
FN:579,(anonymous_32)
FNF:24
FNH:0
FNDA:0,Settings
FNDA:0,(anonymous_10)
FNDA:0,(anonymous_11)
FNDA:0,(anonymous_12)
FNDA:0,(anonymous_13)
FNDA:0,(anonymous_14)
FNDA:0,(anonymous_15)
FNDA:0,(anonymous_16)
FNDA:0,(anonymous_17)
FNDA:0,(anonymous_18)
FNDA:0,(anonymous_19)
FNDA:0,(anonymous_20)
FNDA:0,(anonymous_21)
FNDA:0,(anonymous_22)
FNDA:0,(anonymous_23)
FNDA:0,(anonymous_24)
FNDA:0,(anonymous_25)
FNDA:0,(anonymous_26)
FNDA:0,(anonymous_27)
FNDA:0,(anonymous_28)
FNDA:0,(anonymous_29)
FNDA:0,(anonymous_30)
FNDA:0,(anonymous_31)
FNDA:0,(anonymous_32)
DA:1,2
DA:2,2
DA:3,2
DA:13,2
DA:14,2
DA:34,2
DA:35,0
DA:36,0
DA:39,0
DA:56,0
DA:57,0
DA:59,0
DA:60,0
DA:63,0
DA:64,0
DA:65,0
DA:66,0
DA:67,0
DA:70,0
DA:74,0
DA:75,0
DA:76,0
DA:77,0
DA:78,0
DA:79,0
DA:85,0
DA:91,0
DA:95,0
DA:96,0
DA:101,0
DA:102,0
DA:103,0
DA:104,0
DA:105,0
DA:106,0
DA:112,0
DA:118,0
DA:123,0
DA:124,0
DA:125,0
DA:128,0
DA:135,0
DA:172,0
DA:174,0
DA:218,0
DA:234,0
DA:255,0
DA:290,0
DA:309,0
DA:325,0
DA:364,0
DA:386,0
DA:405,0
DA:429,0
DA:462,0
DA:515,0
DA:528,0
DA:558,0
DA:580,0
LF:59
LH:6
BRDA:66,0,0,0
BRDA:96,1,0,0
BRDA:148,2,0,0
BRDA:148,2,1,0
BRDA:159,3,0,0
BRDA:159,3,1,0
BRDA:162,4,0,0
BRDA:162,4,1,0
BRDA:176,5,0,0
BRDA:176,5,1,0
BRDA:183,6,0,0
BRDA:183,6,1,0
BRDA:204,7,0,0
BRDA:204,7,1,0
BRDA:343,8,0,0
BRDA:343,8,1,0
BRDA:447,9,0,0
BRDA:447,9,1,0
BRDA:494,10,0,0
BRDA:494,10,1,0
BRF:20
BRH:0
end_of_record
TN:
SF:src/pages/Tools.tsx
FN:38,Tools
FN:204,(anonymous_10)
FN:207,(anonymous_11)
FN:233,(anonymous_12)
FN:236,(anonymous_13)
FN:258,(anonymous_14)
FN:261,(anonymous_15)
FN:264,(anonymous_16)
FN:322,AddressConverter
FN:328,(anonymous_18)
FN:347,(anonymous_19)
FN:365,(anonymous_20)
FN:379,(anonymous_21)
FN:395,(anonymous_22)
FN:422,(anonymous_23)
FN:434,AddressValidator
FN:442,(anonymous_25)
FN:480,(anonymous_26)
FN:521,KeyGenerator
FN:529,(anonymous_28)
FN:545,(anonymous_29)
FN:583,(anonymous_30)
FN:605,(anonymous_31)
FN:625,(anonymous_32)
FN:645,ScriptBuilder
FN:657,OpCodeReference
FN:671,ContractInspector
FN:685,ABIDecoder
FN:697,TransactionBuilder
FN:711,TransactionDecoder
FN:725,FeeCalculator
FN:737,HashCalculator
FN:751,SignatureVerifier
FN:765,RPCClient
FN:777,BlockExplorer
FNF:35
FNH:0
FNDA:0,Tools
FNDA:0,(anonymous_10)
FNDA:0,(anonymous_11)
FNDA:0,(anonymous_12)
FNDA:0,(anonymous_13)
FNDA:0,(anonymous_14)
FNDA:0,(anonymous_15)
FNDA:0,(anonymous_16)
FNDA:0,AddressConverter
FNDA:0,(anonymous_18)
FNDA:0,(anonymous_19)
FNDA:0,(anonymous_20)
FNDA:0,(anonymous_21)
FNDA:0,(anonymous_22)
FNDA:0,(anonymous_23)
FNDA:0,AddressValidator
FNDA:0,(anonymous_25)
FNDA:0,(anonymous_26)
FNDA:0,KeyGenerator
FNDA:0,(anonymous_28)
FNDA:0,(anonymous_29)
FNDA:0,(anonymous_30)
FNDA:0,(anonymous_31)
FNDA:0,(anonymous_32)
FNDA:0,ScriptBuilder
FNDA:0,OpCodeReference
FNDA:0,ContractInspector
FNDA:0,ABIDecoder
FNDA:0,TransactionBuilder
FNDA:0,TransactionDecoder
FNDA:0,FeeCalculator
FNDA:0,HashCalculator
FNDA:0,SignatureVerifier
FNDA:0,RPCClient
FNDA:0,BlockExplorer
DA:1,2
DA:2,2
DA:18,2
DA:19,2
DA:38,2
DA:39,0
DA:41,0
DA:42,0
DA:44,0
DA:77,0
DA:203,0
DA:204,0
DA:206,0
DA:207,0
DA:210,0
DA:234,0
DA:237,0
DA:238,0
DA:258,0
DA:262,0
DA:264,0
DA:323,0
DA:324,0
DA:325,0
DA:326,0
DA:328,0
DA:329,0
DA:331,0
DA:332,0
DA:337,0
DA:339,0
DA:347,0
DA:348,0
DA:349,0
DA:356,0
DA:365,0
DA:379,0
DA:395,0
DA:422,0
DA:435,0
DA:436,0
DA:442,0
DA:443,0
DA:444,0
DA:449,0
DA:452,0
DA:453,0
DA:456,0
DA:458,0
DA:462,0
DA:471,0
DA:480,0
DA:522,0
DA:527,0
DA:529,0
DA:530,0
DA:531,0
DA:532,0
DA:533,0
DA:535,0
DA:541,0
DA:545,0
DA:546,0
DA:547,0
DA:554,0
DA:584,0
DA:605,0
DA:625,0
DA:646,0
DA:658,0
DA:672,0
DA:686,0
DA:698,0
DA:712,0
DA:726,0
DA:738,0
DA:752,0
DA:766,0
DA:778,0
LF:79
LH:5
BRDA:206,0,0,0
BRDA:206,0,1,0
BRDA:241,1,0,0
BRDA:241,1,1,0
BRDA:266,2,0,0
BRDA:266,2,1,0
BRDA:287,3,0,0
BRDA:287,3,1,0
BRDA:329,4,0,0
BRDA:409,5,0,0
BRDA:409,5,1,0
BRDA:443,6,0,0
BRDA:493,7,0,0
BRDA:493,7,1,0
BRDA:495,8,0,0
BRDA:495,8,1,0
BRDA:498,9,0,0
BRDA:498,9,1,0
BRDA:504,10,0,0
BRDA:504,10,1,0
BRDA:506,11,0,0
BRDA:506,11,1,0
BRDA:509,12,0,0
BRDA:509,12,1,0
BRDA:512,13,0,0
BRDA:512,13,1,0
BRDA:572,14,0,0
BRDA:572,14,1,0
BRDA:575,15,0,0
BRDA:575,15,1,0
BRF:30
BRH:0
end_of_record
TN:
SF:src/pages/Wallet.tsx
FN:27,Wallet
FN:36,(anonymous_10)
FN:57,(anonymous_11)
FN:63,(anonymous_12)
FN:112,(anonymous_13)
FN:120,(anonymous_14)
FN:129,(anonymous_15)
FN:151,(anonymous_16)
FN:158,(anonymous_17)
FN:184,(anonymous_18)
FN:193,(anonymous_19)
FN:237,(anonymous_20)
FN:358,(anonymous_21)
FN:410,(anonymous_22)
FN:420,CreateWalletModal
FN:433,(anonymous_24)
FN:464,(anonymous_25)
FN:477,(anonymous_26)
FN:490,(anonymous_27)
FNF:19
FNH:10
FNDA:74,Wallet
FNDA:14,(anonymous_10)
FNDA:23,(anonymous_11)
FNDA:0,(anonymous_12)
FNDA:114,(anonymous_13)
FNDA:1,(anonymous_14)
FNDA:0,(anonymous_15)
FNDA:2,(anonymous_16)
FNDA:2,(anonymous_17)
FNDA:0,(anonymous_18)
FNDA:1,(anonymous_19)
FNDA:1,(anonymous_20)
FNDA:1,(anonymous_21)
FNDA:0,(anonymous_22)
FNDA:0,CreateWalletModal
FNDA:0,(anonymous_24)
FNDA:0,(anonymous_25)
FNDA:0,(anonymous_26)
FNDA:0,(anonymous_27)
DA:1,3
DA:2,3
DA:3,3
DA:13,3
DA:14,3
DA:27,3
DA:28,74
DA:29,74
DA:32,72
DA:33,72
DA:34,72
DA:36,72
DA:37,14
DA:39,14
DA:40,14
DA:41,14
DA:44,12
DA:46,0
DA:47,0
DA:53,12
DA:57,72
DA:58,23
DA:59,14
DA:63,72
DA:64,0
DA:65,0
DA:66,0
DA:70,0
DA:72,0
DA:73,0
DA:77,0
DA:81,0
DA:89,0
DA:95,0
DA:97,0
DA:100,0
DA:101,0
DA:108,0
DA:112,72
DA:113,114
DA:114,114
DA:120,72
DA:121,1
DA:129,72
DA:130,0
DA:131,0
DA:138,72
DA:139,33
DA:151,2
DA:171,39
DA:184,0
DA:237,1
DA:359,1
DA:410,0
DA:429,0
DA:430,0
DA:431,0
DA:433,0
DA:434,0
DA:435,0
DA:436,0
DA:437,0
DA:439,0
DA:442,0
DA:464,0
DA:477,0
DA:490,0
LF:67
LH:34
BRDA:37,0,0,0
BRDA:58,1,0,14
BRDA:72,2,0,0
BRDA:72,2,1,0
BRDA:72,3,0,0
BRDA:72,3,1,0
BRDA:77,4,0,0
BRDA:77,4,1,0
BRDA:77,5,0,0
BRDA:77,5,1,0
BRDA:97,6,0,0
BRDA:97,6,1,0
BRDA:105,7,0,0
BRDA:105,7,1,0
BRDA:138,8,0,33
BRDA:234,9,0,38
BRDA:234,9,1,1
BRDA:240,10,0,38
BRDA:240,10,1,1
BRDA:253,11,0,38
BRDA:253,11,1,1
BRDA:280,12,0,38
BRDA:280,12,1,1
BRDA:289,13,0,38
BRDA:289,13,1,1
BRDA:313,14,0,38
BRDA:313,14,1,1
BRDA:345,15,0,21
BRDA:345,15,1,18
BRDA:352,16,0,17
BRDA:352,16,1,1
BRDA:364,17,0,1
BRDA:364,17,1,0
BRDA:367,18,0,1
BRDA:367,18,1,0
BRDA:375,19,0,1
BRDA:375,19,1,0
BRDA:379,20,0,1
BRDA:379,20,1,0
BRDA:390,21,0,1
BRDA:390,21,1,0
BRDA:392,22,0,0
BRDA:392,22,1,0
BRDA:408,23,0,39
BRDA:408,23,1,0
BRDA:435,24,0,0
BRDA:504,25,0,0
BRDA:504,25,1,0
BRF:48
BRH:24
end_of_record
TN:
SF:src/stores/appStore.ts
FN:101,(anonymous_0)
FN:120,(anonymous_1)
FN:122,(anonymous_2)
FN:128,(anonymous_3)
FN:130,(anonymous_4)
FN:131,(anonymous_5)
FN:137,(anonymous_6)
FN:138,(anonymous_7)
FN:139,(anonymous_8)
FN:152,(anonymous_9)
FN:153,(anonymous_10)
FN:154,(anonymous_11)
FN:164,(anonymous_12)
FN:166,(anonymous_13)
FN:172,(anonymous_14)
FN:173,(anonymous_15)
FN:177,(anonymous_16)
FN:178,(anonymous_17)
FN:179,(anonymous_18)
FN:183,(anonymous_19)
FN:184,(anonymous_20)
FN:196,(anonymous_21)
FN:197,(anonymous_22)
FN:198,(anonymous_23)
FN:203,(anonymous_24)
FN:204,(anonymous_25)
FN:205,(anonymous_26)
FN:208,(anonymous_27)
FN:211,(anonymous_28)
FN:212,(anonymous_29)
FN:213,(anonymous_30)
FN:214,(anonymous_31)
FN:215,(anonymous_32)
FN:219,(anonymous_33)
FNF:34
FNH:28
FNDA:6,(anonymous_0)
FNDA:0,(anonymous_1)
FNDA:1,(anonymous_2)
FNDA:0,(anonymous_3)
FNDA:3,(anonymous_4)
FNDA:3,(anonymous_5)
FNDA:1,(anonymous_6)
FNDA:1,(anonymous_7)
FNDA:1,(anonymous_8)
FNDA:1,(anonymous_9)
FNDA:1,(anonymous_10)
FNDA:1,(anonymous_11)
FNDA:1,(anonymous_12)
FNDA:1,(anonymous_13)
FNDA:1,(anonymous_14)
FNDA:1,(anonymous_15)
FNDA:0,(anonymous_16)
FNDA:0,(anonymous_17)
FNDA:0,(anonymous_18)
FNDA:56,(anonymous_19)
FNDA:56,(anonymous_20)
FNDA:1,(anonymous_21)
FNDA:1,(anonymous_22)
FNDA:1,(anonymous_23)
FNDA:1,(anonymous_24)
FNDA:1,(anonymous_25)
FNDA:1,(anonymous_26)
FNDA:1,(anonymous_27)
FNDA:2,(anonymous_28)
FNDA:1,(anonymous_29)
FNDA:1,(anonymous_30)
FNDA:1,(anonymous_31)
FNDA:1,(anonymous_32)
FNDA:0,(anonymous_33)
DA:1,6
DA:2,6
DA:83,6
DA:98,6
DA:101,6
DA:120,0
DA:123,1
DA:128,0
DA:131,3
DA:138,1
DA:139,1
DA:141,1
DA:145,1
DA:153,1
DA:155,1
DA:164,1
DA:167,1
DA:173,1
DA:178,0
DA:179,0
DA:184,56
DA:197,1
DA:199,1
DA:204,1
DA:205,1
DA:208,1
DA:211,2
DA:212,1
DA:213,1
DA:214,1
DA:215,1
DA:219,0
LF:32
LH:27
BRDA:133,0,0,3
BRDA:133,0,1,3
BRDA:141,1,0,1
BRDA:141,1,1,0
BRDA:142,2,0,1
BRDA:142,2,1,1
BRDA:155,3,0,1
BRDA:155,3,1,0
BRDA:158,4,0,1
BRDA:158,4,1,0
BRDA:169,5,0,1
BRDA:169,5,1,0
BRDA:199,6,0,1
BRDA:199,6,1,0
BRF:14
BRH:9
end_of_record
TN:
SF:src/stores/networkStore.ts
FN:29,(anonymous_0)
FN:40,(anonymous_1)
FN:69,(anonymous_2)
FN:97,(anonymous_3)
FN:124,(anonymous_4)
FN:125,(anonymous_5)
FN:126,(anonymous_6)
FNF:7
FNH:3
FNDA:3,(anonymous_0)
FNDA:15,(anonymous_1)
FNDA:0,(anonymous_2)
FNDA:24,(anonymous_3)
FNDA:0,(anonymous_4)
FNDA:0,(anonymous_5)
FNDA:0,(anonymous_6)
DA:1,3
DA:2,3
DA:3,3
DA:27,3
DA:29,3
DA:41,15
DA:43,15
DA:44,15
DA:51,9
DA:54,9
DA:56,9
DA:58,6
DA:59,6
DA:70,0
DA:72,0
DA:73,0
DA:75,0
DA:86,0
DA:87,0
DA:98,24
DA:99,24
DA:101,18
DA:103,18
DA:104,0
DA:109,0
DA:114,24
DA:115,24
DA:124,0
DA:125,0
DA:126,0
LF:30
LH:19
BRDA:62,0,0,6
BRDA:62,0,1,0
BRDA:90,1,0,0
BRDA:90,1,1,0
BRDA:103,2,0,0
BRDA:103,2,1,0
BRDA:103,3,0,18
BRDA:103,3,1,0
BRDA:110,4,0,0
BRDA:110,4,1,0
BRDA:117,5,0,24
BRDA:117,5,1,0
BRF:12
BRH:3
end_of_record
TN:
SF:src/stores/walletStore.ts
FN:116,(anonymous_0)
FN:128,(anonymous_1)
FN:144,(anonymous_2)
FN:169,(anonymous_3)
FN:191,(anonymous_4)
FN:212,(anonymous_5)
FN:218,(anonymous_6)
FN:239,(anonymous_7)
FN:246,(anonymous_8)
FN:251,(anonymous_9)
FN:260,(anonymous_10)
FN:278,(anonymous_11)
FN:291,(anonymous_12)
FN:309,(anonymous_13)
FN:326,(anonymous_14)
FN:349,(anonymous_15)
FN:352,(anonymous_16)
FN:356,(anonymous_17)
FN:380,(anonymous_18)
FN:407,(anonymous_19)
FN:408,(anonymous_20)
FN:409,(anonymous_21)
FN:413,(anonymous_22)
FN:415,(anonymous_23)
FNF:24
FNH:22
FNDA:1,(anonymous_0)
FNDA:2,(anonymous_1)
FNDA:2,(anonymous_2)
FNDA:1,(anonymous_3)
FNDA:1,(anonymous_4)
FNDA:1,(anonymous_5)
FNDA:2,(anonymous_6)
FNDA:1,(anonymous_7)
FNDA:1,(anonymous_8)
FNDA:1,(anonymous_9)
FNDA:1,(anonymous_10)
FNDA:1,(anonymous_11)
FNDA:1,(anonymous_12)
FNDA:1,(anonymous_13)
FNDA:1,(anonymous_14)
FNDA:2,(anonymous_15)
FNDA:2,(anonymous_16)
FNDA:1,(anonymous_17)
FNDA:1,(anonymous_18)
FNDA:2,(anonymous_19)
FNDA:1,(anonymous_20)
FNDA:1,(anonymous_21)
FNDA:0,(anonymous_22)
FNDA:0,(anonymous_23)
DA:1,1
DA:2,1
DA:3,1
DA:113,1
DA:116,1
DA:129,2
DA:130,2
DA:131,2
DA:132,1
DA:134,1
DA:145,2
DA:146,2
DA:147,2
DA:151,1
DA:152,1
DA:158,1
DA:161,1
DA:164,1
DA:165,1
DA:170,1
DA:171,1
DA:172,1
DA:176,1
DA:182,1
DA:185,0
DA:186,0
DA:187,0
DA:192,1
DA:193,1
DA:194,1
DA:196,1
DA:197,1
DA:203,0
DA:213,1
DA:214,1
DA:215,1
DA:216,1
DA:218,2
DA:220,1
DA:222,1
DA:229,0
DA:240,1
DA:247,1
DA:252,1
DA:253,1
DA:254,1
DA:259,1
DA:260,1
DA:261,1
DA:266,1
DA:267,1
DA:270,0
DA:273,0
DA:274,0
DA:283,1
DA:284,1
DA:285,1
DA:290,1
DA:291,1
DA:292,1
DA:297,1
DA:298,1
DA:301,0
DA:304,0
DA:305,0
DA:310,1
DA:311,1
DA:314,1
DA:317,0
DA:320,0
DA:321,0
DA:327,1
DA:328,1
DA:331,1
DA:333,1
DA:340,0
DA:350,2
DA:351,2
DA:352,2
DA:357,1
DA:358,1
DA:359,1
DA:363,1
DA:364,1
DA:369,1
DA:372,0
DA:375,0
DA:376,0
DA:381,1
DA:382,1
DA:389,1
DA:390,1
DA:397,0
DA:407,2
DA:408,1
DA:409,1
DA:413,0
DA:415,0
LF:98
LH:77
BRDA:136,0,0,1
BRDA:136,0,1,0
BRDA:161,1,0,1
BRDA:161,1,1,0
BRDA:178,2,0,1
BRDA:178,2,1,0
BRDA:185,3,0,0
BRDA:185,3,1,0
BRDA:196,4,0,1
BRDA:205,5,0,0
BRDA:205,5,1,0
BRDA:220,6,0,1
BRDA:220,6,1,0
BRDA:225,7,0,0
BRDA:225,7,1,1
BRDA:231,8,0,0
BRDA:231,8,1,0
BRDA:242,9,0,1
BRDA:242,9,1,0
BRDA:261,10,0,1
BRDA:261,10,1,0
BRDA:270,11,0,0
BRDA:270,11,1,0
BRDA:292,12,0,1
BRDA:292,12,1,0
BRDA:301,13,0,0
BRDA:301,13,1,0
BRDA:317,14,0,0
BRDA:317,14,1,0
BRDA:342,15,0,0
BRDA:342,15,1,0
BRDA:351,16,0,2
BRDA:351,16,1,0
BRDA:352,17,0,2
BRDA:352,17,1,1
BRDA:372,18,0,0
BRDA:372,18,1,0
BRDA:399,19,0,0
BRDA:399,19,1,0
BRF:39
BRH:12
end_of_record
